<?xml version="1.0" encoding="UTF-8"?>
<!-- Generated by org.testng.reporters.JUnitReportReporter -->
<testsuite hostname="DESKTOP-C4LC40M" failures="0" tests="9" name="Tutorial4.Demo3" time="1.157" errors="1" timestamp="2022-09-25T11:52:05 IST" skipped="8">
  <testcase classname="Tutorial4.Demo3" name="setUp" time="1.157">
    <error message="baseURI cannot be null" type="java.lang.IllegalArgumentException">
      <![CDATA[java.lang.IllegalArgumentException: baseURI cannot be null
at java.base/jdk.internal.reflect.DirectConstructorHandleAccessor.newInstance(DirectConstructorHandleAccessor.java:67)
at java.base/java.lang.reflect.Constructor.newInstanceWithCaller(Constructor.java:499)
at java.base/java.lang.reflect.Constructor.newInstance(Constructor.java:483)
at org.codehaus.groovy.reflection.CachedConstructor.invoke(CachedConstructor.java:72)
at org.codehaus.groovy.reflection.CachedConstructor.doConstructorInvoke(CachedConstructor.java:59)
at org.codehaus.groovy.runtime.callsite.ConstructorSite$ConstructorSiteNoUnwrap.callConstructor(ConstructorSite.java:84)
at org.codehaus.groovy.runtime.callsite.CallSiteArray.defaultCallConstructor(CallSiteArray.java:59)
at org.codehaus.groovy.runtime.callsite.AbstractCallSite.callConstructor(AbstractCallSite.java:263)
at org.codehaus.groovy.runtime.callsite.AbstractCallSite.callConstructor(AbstractCallSite.java:277)
at io.restassured.internal.common.assertion.AssertParameter.notNull(AssertParameter.groovy:26)
at io.restassured.internal.common.assertion.AssertParameter$notNull.callStatic(Unknown Source)
at org.codehaus.groovy.runtime.callsite.CallSiteArray.defaultCallStatic(CallSiteArray.java:55)
at org.codehaus.groovy.runtime.callsite.AbstractCallSite.callStatic(AbstractCallSite.java:217)
at org.codehaus.groovy.runtime.callsite.AbstractCallSite.callStatic(AbstractCallSite.java:240)
at io.restassured.internal.RequestSpecificationImpl.<init>(RequestSpecificationImpl.groovy:137)
at io.restassured.RestAssured.createTestSpecification(RestAssured.java:1452)
at io.restassured.RestAssured.given(RestAssured.java:653)
at Tutorial4.Demo3.setUp(Demo3.java:23)
at java.base/jdk.internal.reflect.DirectMethodHandleAccessor.invoke(DirectMethodHandleAccessor.java:104)
at java.base/java.lang.reflect.Method.invoke(Method.java:577)
at org.testng.internal.invokers.MethodInvocationHelper.invokeMethod(MethodInvocationHelper.java:135)
at org.testng.internal.invokers.MethodInvocationHelper.invokeMethodConsideringTimeout(MethodInvocationHelper.java:65)
at org.testng.internal.invokers.ConfigInvoker.invokeConfigurationMethod(ConfigInvoker.java:381)
at org.testng.internal.invokers.ConfigInvoker.invokeConfigurations(ConfigInvoker.java:319)
at org.testng.internal.invokers.TestMethodWorker.invokeBeforeClassMethods(TestMethodWorker.java:178)
at org.testng.internal.invokers.TestMethodWorker.run(TestMethodWorker.java:122)
at java.base/java.util.ArrayList.forEach(ArrayList.java:1511)
at org.testng.TestRunner.privateRun(TestRunner.java:808)
at org.testng.TestRunner.run(TestRunner.java:603)
at org.testng.SuiteRunner.runTest(SuiteRunner.java:429)
at org.testng.SuiteRunner.runSequentially(SuiteRunner.java:423)
at org.testng.SuiteRunner.privateRun(SuiteRunner.java:383)
at org.testng.SuiteRunner.run(SuiteRunner.java:326)
at org.testng.SuiteRunnerWorker.runSuite(SuiteRunnerWorker.java:52)
at org.testng.SuiteRunnerWorker.run(SuiteRunnerWorker.java:95)
at org.testng.TestNG.runSuitesSequentially(TestNG.java:1249)
at org.testng.TestNG.runSuitesLocally(TestNG.java:1169)
at org.testng.TestNG.runSuites(TestNG.java:1092)
at org.testng.TestNG.run(TestNG.java:1060)
at org.testng.remote.AbstractRemoteTestNG.run(AbstractRemoteTestNG.java:115)
at org.testng.remote.RemoteTestNG.initAndRun(RemoteTestNG.java:251)
at org.testng.remote.RemoteTestNG.main(RemoteTestNG.java:77)
]]>
    </error>
  </testcase> <!-- setUp -->
  <system-out/>
  <testcase classname="Tutorial4.Demo3" name="validateStatusCode" time="0.000">
    <skipped/>
  </testcase> <!-- validateStatusCode -->
  <system-out/>
  <testcase classname="Tutorial4.Demo3" name="validateStatusline" time="0.000">
    <skipped/>
  </testcase> <!-- validateStatusline -->
  <system-out/>
  <testcase classname="Tutorial4.Demo3" name="captureResponseId" time="0.000">
    <skipped/>
  </testcase> <!-- captureResponseId -->
  <system-out/>
  <testcase classname="Tutorial4.Demo3" name="validatefirstName" time="0.000">
    <skipped/>
  </testcase> <!-- validatefirstName -->
  <system-out/>
  <testcase classname="Tutorial4.Demo3" name="validateLastName" time="0.000">
    <skipped/>
  </testcase> <!-- validateLastName -->
  <system-out/>
  <testcase classname="Tutorial4.Demo3" name="validateJob" time="0.000">
    <skipped/>
  </testcase> <!-- validateJob -->
  <system-out/>
  <testcase classname="Tutorial4.Demo3" name="validateAddress" time="0.000">
    <skipped/>
  </testcase> <!-- validateAddress -->
  <system-out/>
  <testcase classname="Tutorial4.Demo3" name="validateContentTypeResponseHeader" time="0.000">
    <skipped/>
  </testcase> <!-- validateContentTypeResponseHeader -->
  <system-out/>
</testsuite> <!-- Tutorial4.Demo3 -->
